{"name": "test_all_classes_filter", "status": "broken", "statusDetails": {"message": "playwright._impl._api_types.Error: DOMException: Failed to execute 'evaluate' on 'Document': The string './/div[contains(@class,'oe_kanban_global_click o_kanban_record_has_image_fill')], //div[contains(text(),'Aucun apprenant trouvé')]' is not a valid XPath expression.\n    at Object.queryAll (<anonymous>:23:25)\n    at InjectedScript._queryEngineAll (<anonymous>:4520:49)\n    at InjectedScript.querySelectorAll (<anonymous>:4507:30)\n    at eval (eval at evaluate (:197:30), <anonymous>:5:37)\n    at UtilityScript.evaluate (<anonymous>:199:17)\n    at UtilityScript.<anonymous> (<anonymous>:1:44)\n=========================== logs ===========================\nwaiting for locator(\"xpath=//div[contains(@class,'oe_kanban_global_click o_kanban_record_has_image_fill')], //div[contains(text(),'Aucun apprenant trouvé')]\") to be visible\n============================================================", "trace": "logged_in_page = <Page url='https://dev.nawat.ma/web#action=405&model=acces.statut.apprenant&view_type=kanban&cids=1&menu_id=108'>\n\n    @pytest.fixture\n    def class_filter_page(logged_in_page):\n        \"\"\"Setup the class filter page after login\"\"\"\n        class_filter_page = ClassFilterPage(logged_in_page)\n        class_filter_page.navigate_from_login()\n>       class_filter_page.wait_for_page_loaded()\n\ntests\\acces\\test_class_filters.py:13: \n_ _ _ _ _ _ _ _ _ _ _ _ _ _ _ _ _ _ _ _ _ _ _ _ _ _ _ _ _ _ _ _ _ _ _ _ _ _ _ _ _ _ _ _ _ _ _ _ _ _ _ _ _ _ _ _ _ _ _ _ _ _ _ _ _ _ _ _ _ _ _ _ _ _ _ _ _ _ _ _ _ _ _ _ _ _ _ _ _ _ _ _ _ _ _ _\npages\\access\\school_card\\class_filter_page.py:48: in wait_for_page_loaded\n    self.page.wait_for_selector(f\"{self.STUDENT_CARDS}, {self.NO_STUDENTS_MESSAGE}\",\nvenv\\lib\\site-packages\\playwright\\sync_api\\_generated.py:8286: in wait_for_selector\n    self._sync(\nvenv\\lib\\site-packages\\playwright\\_impl\\_page.py:368: in wait_for_selector\n    return await self._main_frame.wait_for_selector(**locals_to_params(locals()))\nvenv\\lib\\site-packages\\playwright\\_impl\\_frame.py:322: in wait_for_selector\n    await self._channel.send(\"waitForSelector\", locals_to_params(locals()))\nvenv\\lib\\site-packages\\playwright\\_impl\\_connection.py:61: in send\n    return await self._connection.wrap_api_call(\nvenv\\lib\\site-packages\\playwright\\_impl\\_connection.py:461: in wrap_api_call\n    return await cb()\n_ _ _ _ _ _ _ _ _ _ _ _ _ _ _ _ _ _ _ _ _ _ _ _ _ _ _ _ _ _ _ _ _ _ _ _ _ _ _ _ _ _ _ _ _ _ _ _ _ _ _ _ _ _ _ _ _ _ _ _ _ _ _ _ _ _ _ _ _ _ _ _ _ _ _ _ _ _ _ _ _ _ _ _ _ _ _ _ _ _ _ _ _ _ _ _\n\nself = <playwright._impl._connection.Channel object at 0x000001A8AF743760>, method = 'waitForSelector'\nparams = {'selector': \"//div[contains(@class,'oe_kanban_global_click o_kanban_record_has_image_fill')], //div[contains(text(),'Aucun apprenant trouvé')]\", 'state': 'visible', 'timeout': 15000}\nreturn_as_dict = False\n\n    async def inner_send(\n        self, method: str, params: Optional[Dict], return_as_dict: bool\n    ) -> Any:\n        if params is None:\n            params = {}\n        callback = self._connection._send_message_to_server(self._guid, method, params)\n        if self._connection._error:\n            error = self._connection._error\n            self._connection._error = None\n            raise error\n        done, _ = await asyncio.wait(\n            {\n                self._connection._transport.on_error_future,\n                callback.future,\n            },\n            return_when=asyncio.FIRST_COMPLETED,\n        )\n        if not callback.future.done():\n            callback.future.cancel()\n>       result = next(iter(done)).result()\nE       playwright._impl._api_types.Error: DOMException: Failed to execute 'evaluate' on 'Document': The string './/div[contains(@class,'oe_kanban_global_click o_kanban_record_has_image_fill')], //div[contains(text(),'Aucun apprenant trouvé')]' is not a valid XPath expression.\nE           at Object.queryAll (<anonymous>:23:25)\nE           at InjectedScript._queryEngineAll (<anonymous>:4520:49)\nE           at InjectedScript.querySelectorAll (<anonymous>:4507:30)\nE           at eval (eval at evaluate (:197:30), <anonymous>:5:37)\nE           at UtilityScript.evaluate (<anonymous>:199:17)\nE           at UtilityScript.<anonymous> (<anonymous>:1:44)\nE       =========================== logs ===========================\nE       waiting for locator(\"xpath=//div[contains(@class,'oe_kanban_global_click o_kanban_record_has_image_fill')], //div[contains(text(),'Aucun apprenant trouvé')]\") to be visible\nE       ============================================================\n\nvenv\\lib\\site-packages\\playwright\\_impl\\_connection.py:96: Error"}, "description": "Test filtering students by all available class levels", "start": 1747322232692, "stop": 1747322232692, "uuid": "7b3a0187-c04d-418f-b6c4-90326a4ef9ed", "historyId": "3da7e31da9be5c62f5a4ef8d202e69e7", "testCaseId": "3da7e31da9be5c62f5a4ef8d202e69e7", "fullName": "tests.acces.test_class_filters#test_all_classes_filter", "labels": [{"name": "feature", "value": "Student Management"}, {"name": "story", "value": "Class Filtering"}, {"name": "parentSuite", "value": "tests.acces"}, {"name": "suite", "value": "test_class_filters"}, {"name": "host", "value": "DESKTOP-LKP4IQM"}, {"name": "thread", "value": "23252-MainThread"}, {"name": "framework", "value": "pytest"}, {"name": "language", "value": "cpython3"}, {"name": "package", "value": "tests.acces.test_class_filters"}]}